<?xml version="1.0" encoding="UTF-8"?>
<!-- Generated by org.testng.reporters.JUnitReportReporter -->
<testsuite hostname="WINDOWS-7J23SHK" name="com.gmail.test" tests="1" failures="0" timestamp="31 Aug 2017 23:20:46 GMT" time="18.432" errors="0">
  <testcase name="method" time="18.432" classname="com.gmail.test"/>
</testsuite> <!-- com.gmail.test -->
